<?xml version="1.0" encoding="UTF-8"?>
<!-- Generated by org.testng.reporters.JUnitXMLReporter -->
<testsuite ignored="2" hostname="DESKTOP-7CR83HH" failures="0" tests="0" time="0.023" errors="0" timestamp="2022-10-17T13:36:27 GMT-04:00">
  <testcase classname="rahulshettyacademy.test.Errorvalidation" name="Loginerrorvalidation" time="0.0">
    <ignored/>
  </testcase> <!-- Loginerrorvalidation -->
  <testcase classname="rahulshettyacademy.test.Errorvalidation" name="Producterrorvalidation" time="0.0">
    <ignored/>
  </testcase> <!-- Producterrorvalidation -->
</testsuite>
