<?xml version="1.0" encoding="UTF-8"?>
<!-- Generated by org.testng.reporters.JUnitXMLReporter -->
<testsuite ignored="1" hostname="DESKTOP-7CR83HH" failures="0" tests="1" name="Error Validation Test" time="6.104" errors="0" timestamp="2022-11-03T12:35:47 GMT-04:00">
  <testcase classname="rahulshettyacademy.test.Errorvalidation" name="Loginerrorvalidation" time="0.519"/>
  <testcase classname="rahulshettyacademy.test.Errorvalidation" name="Producterrorvalidation" time="0.0">
    <ignored/>
  </testcase> <!-- Producterrorvalidation -->
</testsuite> <!-- Error Validation Test -->
