<?xml version="1.0" encoding="UTF-8"?>
<!-- Generated by org.testng.reporters.JUnitXMLReporter -->
<testsuite ignored="0" hostname="DESKTOP-7CR83HH" failures="1" tests="3" name="Submit Order Test" time="66.207" errors="0" timestamp="2022-12-06T11:51:23 GMT-05:00">
  <testcase classname="rahulshettyacademy.test.Submitordertest" name="submitOrder" time="17.35"/>
  <testcase classname="rahulshettyacademy.test.Submitordertest" name="submitOrder" time="17.157"/>
  <testcase classname="rahulshettyacademy.test.Submitordertest" name="submitOrder" time="0.017">
    <failure type="java.lang.IllegalArgumentException" message="Keys to send should be a not null CharSequence">
      <![CDATA[java.lang.IllegalArgumentException: Keys to send should be a not null CharSequence
at org.openqa.selenium.remote.RemoteWebElement.sendKeys(RemoteWebElement.java:98)
at org.openqa.selenium.support.pagefactory.internal.LocatingElementHandler.invoke(LocatingElementHandler.java:52)
at jdk.proxy2/jdk.proxy2.$Proxy19.sendKeys(Unknown Source)
at rahulshettyacademy.pom.LandingPage.loginApplicaion(LandingPage.java:40)
at rahulshettyacademy.test.Submitordertest.submitOrder(Submitordertest.java:30)
at java.base/java.util.ArrayList.forEach(ArrayList.java:1511)
at java.base/java.util.concurrent.FutureTask.run(FutureTask.java:264)
at java.base/java.util.concurrent.ThreadPoolExecutor.runWorker(ThreadPoolExecutor.java:1136)
at java.base/java.util.concurrent.ThreadPoolExecutor$Worker.run(ThreadPoolExecutor.java:635)
at java.base/java.lang.Thread.run(Thread.java:833)
... Removed 21 stack frames]]>
    </failure>
  </testcase> <!-- submitOrder -->
</testsuite> <!-- Submit Order Test -->
