<?xml version="1.0" encoding="UTF-8"?>
<testng-results ignored="0" total="3" passed="2" failed="1" skipped="0">
  <reporter-output>
  </reporter-output>
  <suite started-at="2022-12-03T13:36:14 GMT-05:00" name="Default suite" finished-at="2022-12-03T13:37:24 GMT-05:00" duration-ms="69803">
    <groups>
    </groups>
    <test started-at="2022-12-03T13:36:14 GMT-05:00" name="Default test" finished-at="2022-12-03T13:37:24 GMT-05:00" duration-ms="69803">
      <class name="rahulshettyacademy.test.Submitordertest">
        <test-method is-config="true" signature="launchApplication()[pri:0, instance:rahulshettyacademy.test.Submitordertest@229c6181]" started-at="2022-12-03T13:36:15 GMT-05:00" name="launchApplication" finished-at="2022-12-03T13:36:21 GMT-05:00" duration-ms="6020" status="PASS">
          <reporter-output>
          </reporter-output>
        </test-method> <!-- launchApplication -->
        <test-method signature="submitOrder(java.util.HashMap)[pri:0, instance:rahulshettyacademy.test.Submitordertest@229c6181]" started-at="2022-12-03T13:36:21 GMT-05:00" name="submitOrder" data-provider="getData" finished-at="2022-12-03T13:36:48 GMT-05:00" duration-ms="26821" status="PASS">
          <params>
            <param index="0">
              <value>
                <![CDATA[{password=secret_sauce, product=Sauce Labs Backpack, email=standard_user}]]>
              </value>
            </param>
          </params>
          <reporter-output>
          </reporter-output>
        </test-method> <!-- submitOrder -->
        <test-method is-config="true" signature="tearDown()[pri:0, instance:rahulshettyacademy.test.Submitordertest@229c6181]" started-at="2022-12-03T13:36:48 GMT-05:00" name="tearDown" finished-at="2022-12-03T13:36:48 GMT-05:00" duration-ms="1" status="PASS">
          <reporter-output>
          </reporter-output>
        </test-method> <!-- tearDown -->
        <test-method is-config="true" signature="launchApplication()[pri:0, instance:rahulshettyacademy.test.Submitordertest@229c6181]" started-at="2022-12-03T13:36:48 GMT-05:00" name="launchApplication" finished-at="2022-12-03T13:36:52 GMT-05:00" duration-ms="4518" status="PASS">
          <reporter-output>
          </reporter-output>
        </test-method> <!-- launchApplication -->
        <test-method signature="submitOrder(java.util.HashMap)[pri:0, instance:rahulshettyacademy.test.Submitordertest@229c6181]" started-at="2022-12-03T13:36:52 GMT-05:00" name="submitOrder" data-provider="getData" finished-at="2022-12-03T13:37:19 GMT-05:00" duration-ms="26920" status="PASS">
          <params>
            <param index="0">
              <value>
                <![CDATA[{password=secret_sauce, product=Sauce Labs Bike Light, email=problem_user}]]>
              </value>
            </param>
          </params>
          <reporter-output>
          </reporter-output>
        </test-method> <!-- submitOrder -->
        <test-method is-config="true" signature="tearDown()[pri:0, instance:rahulshettyacademy.test.Submitordertest@229c6181]" started-at="2022-12-03T13:37:19 GMT-05:00" name="tearDown" finished-at="2022-12-03T13:37:19 GMT-05:00" duration-ms="1" status="PASS">
          <reporter-output>
          </reporter-output>
        </test-method> <!-- tearDown -->
        <test-method is-config="true" signature="launchApplication()[pri:0, instance:rahulshettyacademy.test.Submitordertest@229c6181]" started-at="2022-12-03T13:37:19 GMT-05:00" name="launchApplication" finished-at="2022-12-03T13:37:24 GMT-05:00" duration-ms="4910" status="PASS">
          <reporter-output>
          </reporter-output>
        </test-method> <!-- launchApplication -->
        <test-method signature="submitOrder(java.util.HashMap)[pri:0, instance:rahulshettyacademy.test.Submitordertest@229c6181]" started-at="2022-12-03T13:37:24 GMT-05:00" name="submitOrder" data-provider="getData" finished-at="2022-12-03T13:37:24 GMT-05:00" duration-ms="33" status="FAIL">
          <params>
            <param index="0">
              <value>
                <![CDATA[{codes=yes, last=engine, first=search}]]>
              </value>
            </param>
          </params>
          <exception class="java.lang.IllegalArgumentException">
            <message>
              <![CDATA[Keys to send should be a not null CharSequence]]>
            </message>
            <full-stacktrace>
              <![CDATA[java.lang.IllegalArgumentException: Keys to send should be a not null CharSequence
at org.openqa.selenium.remote.RemoteWebElement.sendKeys(RemoteWebElement.java:98)
at java.base/jdk.internal.reflect.NativeMethodAccessorImpl.invoke0(Native Method)
at java.base/jdk.internal.reflect.NativeMethodAccessorImpl.invoke(NativeMethodAccessorImpl.java:77)
at java.base/jdk.internal.reflect.DelegatingMethodAccessorImpl.invoke(DelegatingMethodAccessorImpl.java:43)
at java.base/java.lang.reflect.Method.invoke(Method.java:568)
at org.openqa.selenium.support.pagefactory.internal.LocatingElementHandler.invoke(LocatingElementHandler.java:52)
at jdk.proxy2/jdk.proxy2.$Proxy18.sendKeys(Unknown Source)
at rahulshettyacademy.pom.LandingPage.loginApplicaion(LandingPage.java:40)
at rahulshettyacademy.test.Submitordertest.submitOrder(Submitordertest.java:30)
at java.base/jdk.internal.reflect.NativeMethodAccessorImpl.invoke0(Native Method)
at java.base/jdk.internal.reflect.NativeMethodAccessorImpl.invoke(NativeMethodAccessorImpl.java:77)
at java.base/jdk.internal.reflect.DelegatingMethodAccessorImpl.invoke(DelegatingMethodAccessorImpl.java:43)
at java.base/java.lang.reflect.Method.invoke(Method.java:568)
at org.testng.internal.invokers.MethodInvocationHelper.invokeMethod(MethodInvocationHelper.java:139)
at org.testng.internal.invokers.TestInvoker.invokeMethod(TestInvoker.java:677)
at org.testng.internal.invokers.TestInvoker.invokeTestMethod(TestInvoker.java:221)
at org.testng.internal.invokers.MethodRunner.runInSequence(MethodRunner.java:50)
at org.testng.internal.invokers.TestInvoker$MethodInvocationAgent.invoke(TestInvoker.java:962)
at org.testng.internal.invokers.TestInvoker.invokeTestMethods(TestInvoker.java:194)
at org.testng.internal.invokers.TestMethodWorker.invokeTestMethods(TestMethodWorker.java:148)
at org.testng.internal.invokers.TestMethodWorker.run(TestMethodWorker.java:128)
at java.base/java.util.ArrayList.forEach(ArrayList.java:1511)
at org.testng.TestRunner.privateRun(TestRunner.java:806)
at org.testng.TestRunner.run(TestRunner.java:601)
at org.testng.SuiteRunner.runTest(SuiteRunner.java:433)
at org.testng.SuiteRunner.runSequentially(SuiteRunner.java:427)
at org.testng.SuiteRunner.privateRun(SuiteRunner.java:387)
at org.testng.SuiteRunner.run(SuiteRunner.java:330)
at org.testng.SuiteRunnerWorker.runSuite(SuiteRunnerWorker.java:52)
at org.testng.SuiteRunnerWorker.run(SuiteRunnerWorker.java:95)
at org.testng.TestNG.runSuitesSequentially(TestNG.java:1256)
at org.testng.TestNG.runSuitesLocally(TestNG.java:1176)
at org.testng.TestNG.runSuites(TestNG.java:1099)
at org.testng.TestNG.run(TestNG.java:1067)
at org.testng.remote.AbstractRemoteTestNG.run(AbstractRemoteTestNG.java:115)
at org.testng.remote.RemoteTestNG.initAndRun(RemoteTestNG.java:251)
at org.testng.remote.RemoteTestNG.main(RemoteTestNG.java:77)
]]>
            </full-stacktrace>
          </exception> <!-- java.lang.IllegalArgumentException -->
          <reporter-output>
          </reporter-output>
        </test-method> <!-- submitOrder -->
        <test-method is-config="true" signature="tearDown()[pri:0, instance:rahulshettyacademy.test.Submitordertest@229c6181]" started-at="2022-12-03T13:37:24 GMT-05:00" name="tearDown" finished-at="2022-12-03T13:37:24 GMT-05:00" duration-ms="1" status="PASS">
          <reporter-output>
          </reporter-output>
        </test-method> <!-- tearDown -->
      </class> <!-- rahulshettyacademy.test.Submitordertest -->
    </test> <!-- Default test -->
  </suite> <!-- Default suite -->
</testng-results>
